c:\users\donski\desktop\studia\sem 4\pk\project\icytower\icytower\debug\vc140.pdb
c:\users\donski\desktop\studia\sem 4\pk\project\icytower\icytower\debug\vc140.idb
c:\users\donski\desktop\studia\sem 4\pk\project\icytower\icytower\debug\deadbonus.obj
c:\users\donski\desktop\studia\sem 4\pk\project\icytower\icytower\debug\deadwall.obj
c:\users\donski\desktop\studia\sem 4\pk\project\icytower\icytower\debug\enemy.obj
c:\users\donski\desktop\studia\sem 4\pk\project\icytower\icytower\debug\engine.obj
c:\users\donski\desktop\studia\sem 4\pk\project\icytower\icytower\debug\exceptionopenerror.obj
c:\users\donski\desktop\studia\sem 4\pk\project\icytower\icytower\debug\floor.obj
c:\users\donski\desktop\studia\sem 4\pk\project\icytower\icytower\debug\ghost.obj
c:\users\donski\desktop\studia\sem 4\pk\project\icytower\icytower\debug\ghostbonus.obj
c:\users\donski\desktop\studia\sem 4\pk\project\icytower\icytower\debug\jumpy.obj
c:\users\donski\desktop\studia\sem 4\pk\project\icytower\icytower\debug\moving.obj
c:\users\donski\desktop\studia\sem 4\pk\project\icytower\icytower\debug\player.obj
c:\users\donski\desktop\studia\sem 4\pk\project\icytower\icytower\debug\pointbanner.obj
c:\users\donski\desktop\studia\sem 4\pk\project\icytower\icytower\debug\resource.obj
c:\users\donski\desktop\studia\sem 4\pk\project\icytower\icytower\debug\sand.obj
c:\users\donski\desktop\studia\sem 4\pk\project\icytower\icytower\debug\shadow.obj
c:\users\donski\desktop\studia\sem 4\pk\project\icytower\icytower\debug\sides.obj
c:\users\donski\desktop\studia\sem 4\pk\project\icytower\icytower\debug\source.obj
c:\users\donski\desktop\studia\sem 4\pk\project\icytower\icytower\debug\teleportbonus.obj
c:\users\donski\desktop\studia\sem 4\pk\project\icytower\icytower\debug\todraw.obj
c:\users\donski\desktop\studia\sem 4\pk\project\icytower\icytower\debug\viewbonus.obj
c:\users\donski\desktop\studia\sem 4\pk\project\icytower\icytower\debug\background.obj
c:\users\donski\desktop\studia\sem 4\pk\project\icytower\icytower\debug\basic.obj
c:\users\donski\desktop\studia\sem 4\pk\project\icytower\icytower\debug\basicbonus.obj
c:\users\donski\desktop\studia\sem 4\pk\project\icytower\icytower\debug\bonus.obj
c:\users\donski\desktop\studia\sem 4\pk\project\icytower\debug\icytower.lib
c:\users\donski\desktop\studia\sem 4\pk\project\icytower\debug\icytower.exp
c:\users\donski\desktop\studia\sem 4\pk\project\icytower\debug\icytower.ilk
c:\users\donski\desktop\studia\sem 4\pk\project\icytower\debug\icytower.exe
c:\users\donski\desktop\studia\sem 4\pk\project\icytower\debug\icytower.pdb
c:\users\donski\desktop\studia\sem 4\pk\project\icytower\icytower\debug\icytower.tlog\cl.command.1.tlog
c:\users\donski\desktop\studia\sem 4\pk\project\icytower\icytower\debug\icytower.tlog\cl.read.1.tlog
c:\users\donski\desktop\studia\sem 4\pk\project\icytower\icytower\debug\icytower.tlog\cl.write.1.tlog
c:\users\donski\desktop\studia\sem 4\pk\project\icytower\icytower\debug\icytower.tlog\icytower.write.1u.tlog
c:\users\donski\desktop\studia\sem 4\pk\project\icytower\icytower\debug\icytower.tlog\link.command.1.tlog
c:\users\donski\desktop\studia\sem 4\pk\project\icytower\icytower\debug\icytower.tlog\link.read.1.tlog
c:\users\donski\desktop\studia\sem 4\pk\project\icytower\icytower\debug\icytower.tlog\link.write.1.tlog
