  ViewBonus.cpp
c:\users\donski\desktop\qsync\studia\sem 4\pk\project\icytower\icytower\header.h(2): fatal error C1083: Cannot open include file: 'SFML\Graphics.hpp': No such file or directory
  ToDraw.cpp
c:\users\donski\desktop\qsync\studia\sem 4\pk\project\icytower\icytower\header.h(2): fatal error C1083: Cannot open include file: 'SFML\Graphics.hpp': No such file or directory
  TeleportBonus.cpp
c:\users\donski\desktop\qsync\studia\sem 4\pk\project\icytower\icytower\header.h(2): fatal error C1083: Cannot open include file: 'SFML\Graphics.hpp': No such file or directory
  Source.cpp
c:\users\donski\desktop\qsync\studia\sem 4\pk\project\icytower\icytower\header.h(2): fatal error C1083: Cannot open include file: 'SFML\Graphics.hpp': No such file or directory
  Sides.cpp
c:\users\donski\desktop\qsync\studia\sem 4\pk\project\icytower\icytower\header.h(2): fatal error C1083: Cannot open include file: 'SFML\Graphics.hpp': No such file or directory
  Shadow.cpp
c:\users\donski\desktop\qsync\studia\sem 4\pk\project\icytower\icytower\header.h(2): fatal error C1083: Cannot open include file: 'SFML\Graphics.hpp': No such file or directory
  Sand.cpp
c:\users\donski\desktop\qsync\studia\sem 4\pk\project\icytower\icytower\header.h(2): fatal error C1083: Cannot open include file: 'SFML\Graphics.hpp': No such file or directory
  Resource.cpp
c:\users\donski\desktop\qsync\studia\sem 4\pk\project\icytower\icytower\header.h(2): fatal error C1083: Cannot open include file: 'SFML\Graphics.hpp': No such file or directory
  PointBanner.cpp
c:\users\donski\desktop\qsync\studia\sem 4\pk\project\icytower\icytower\header.h(2): fatal error C1083: Cannot open include file: 'SFML\Graphics.hpp': No such file or directory
  Player.cpp
c:\users\donski\desktop\qsync\studia\sem 4\pk\project\icytower\icytower\header.h(2): fatal error C1083: Cannot open include file: 'SFML\Graphics.hpp': No such file or directory
  Moving.cpp
c:\users\donski\desktop\qsync\studia\sem 4\pk\project\icytower\icytower\header.h(2): fatal error C1083: Cannot open include file: 'SFML\Graphics.hpp': No such file or directory
  Jumpy.cpp
c:\users\donski\desktop\qsync\studia\sem 4\pk\project\icytower\icytower\header.h(2): fatal error C1083: Cannot open include file: 'SFML\Graphics.hpp': No such file or directory
  GhostBonus.cpp
c:\users\donski\desktop\qsync\studia\sem 4\pk\project\icytower\icytower\header.h(2): fatal error C1083: Cannot open include file: 'SFML\Graphics.hpp': No such file or directory
  Ghost.cpp
c:\users\donski\desktop\qsync\studia\sem 4\pk\project\icytower\icytower\header.h(2): fatal error C1083: Cannot open include file: 'SFML\Graphics.hpp': No such file or directory
  Floor.cpp
c:\users\donski\desktop\qsync\studia\sem 4\pk\project\icytower\icytower\header.h(2): fatal error C1083: Cannot open include file: 'SFML\Graphics.hpp': No such file or directory
  ExceptionOpenError.cpp
  Engine.cpp
c:\users\donski\desktop\qsync\studia\sem 4\pk\project\icytower\icytower\header.h(2): fatal error C1083: Cannot open include file: 'SFML\Graphics.hpp': No such file or directory
  Enemy.cpp
c:\users\donski\desktop\qsync\studia\sem 4\pk\project\icytower\icytower\header.h(2): fatal error C1083: Cannot open include file: 'SFML\Graphics.hpp': No such file or directory
  DeadWall.cpp
c:\users\donski\desktop\qsync\studia\sem 4\pk\project\icytower\icytower\header.h(2): fatal error C1083: Cannot open include file: 'SFML\Graphics.hpp': No such file or directory
  DeadBonus.cpp
c:\users\donski\desktop\qsync\studia\sem 4\pk\project\icytower\icytower\header.h(2): fatal error C1083: Cannot open include file: 'SFML\Graphics.hpp': No such file or directory
  Generating Code...
  Compiling...
  Bonus.cpp
c:\users\donski\desktop\qsync\studia\sem 4\pk\project\icytower\icytower\header.h(2): fatal error C1083: Cannot open include file: 'SFML\Graphics.hpp': No such file or directory
  BasicBonus.cpp
c:\users\donski\desktop\qsync\studia\sem 4\pk\project\icytower\icytower\header.h(2): fatal error C1083: Cannot open include file: 'SFML\Graphics.hpp': No such file or directory
  Basic.cpp
c:\users\donski\desktop\qsync\studia\sem 4\pk\project\icytower\icytower\header.h(2): fatal error C1083: Cannot open include file: 'SFML\Graphics.hpp': No such file or directory
  Background.cpp
c:\users\donski\desktop\qsync\studia\sem 4\pk\project\icytower\icytower\header.h(2): fatal error C1083: Cannot open include file: 'SFML\Graphics.hpp': No such file or directory
  Generating Code...
